# JRE version: OpenJDK Runtime Environment Temurin-17.0.12+7 (17.0.12+7) (build 17.0.12+7)
# Java VM: OpenJDK 64-Bit Server VM Temurin-17.0.12+7 (17.0.12+7, mixed mode, emulated-client, tiered, compressed oops, compressed class ptrs, g1 gc, windows-amd64)
GC Precious Log:
 CPUs: 12 total, 12 available
 Memory: 16016M
 Large Page Support: Disabled
 NUMA Support: Disabled
 Compressed Oops: Enabled (32-bit)
 Heap Region Size: 1M
 Heap Min Capacity: 8M
 Heap Initial Capacity: 252M
 Heap Max Capacity: 1G
 Pre-touch: Disabled
 Parallel Workers: 10
 Concurrent Workers: 3
 Concurrent Refinement Workers: 10
 Periodic GC: Disabled
Heap:
 garbage-first heap   total 75776K, used 25357K [0x00000000c0000000, 0x0000000100000000)
  region size 1024K, 1 young (1024K), 0 survivors (0K)
 Metaspace       used 41153K, committed 41728K, reserved 1114112K
  class space    used 5263K, committed 5504K, reserved 1048576K
GC Heap History (20 events):
Event: 1407.428 GC heap after
{Heap after GC invocations=119 (full 110):
 garbage-first heap   total 75776K, used 25357K [0x00000000c0000000, 0x0000000100000000)
  region size 1024K, 0 young (0K), 0 survivors (0K)
 Metaspace       used 41153K, committed 41728K, reserved 1114112K
  class space    used 5263K, committed 5504K, reserved 1048576K
}
Event: 1419.528 GC heap before
{Heap before GC invocations=119 (full 110):
 garbage-first heap   total 75776K, used 25357K [0x00000000c0000000, 0x0000000100000000)
  region size 1024K, 1 young (1024K), 0 survivors (0K)
 Metaspace       used 41153K, committed 41728K, reserved 1114112K
  class space    used 5263K, committed 5504K, reserved 1048576K
}
Event: 1419.570 GC heap after
{Heap after GC invocations=120 (full 111):
 garbage-first heap   total 75776K, used 25357K [0x00000000c0000000, 0x0000000100000000)
  region size 1024K, 0 young (0K), 0 survivors (0K)
 Metaspace       used 41153K, committed 41728K, reserved 1114112K
  class space    used 5263K, committed 5504K, reserved 1048576K
}
Event: 1431.544 GC heap before
{Heap before GC invocations=120 (full 111):
 garbage-first heap   total 75776K, used 25357K [0x00000000c0000000, 0x0000000100000000)
  region size 1024K, 1 young (1024K), 0 survivors (0K)
 Metaspace       used 41153K, committed 41728K, reserved 1114112K
  class space    used 5263K, committed 5504K, reserved 1048576K
}
Event: 1431.590 GC heap after
{Heap after GC invocations=121 (full 112):
 garbage-first heap   total 75776K, used 25357K [0x00000000c0000000, 0x0000000100000000)
  region size 1024K, 0 young (0K), 0 survivors (0K)
 Metaspace       used 41153K, committed 41728K, reserved 1114112K
  class space    used 5263K, committed 5504K, reserved 1048576K
}
Event: 1443.367 GC heap before
{Heap before GC invocations=121 (full 112):
 garbage-first heap   total 75776K, used 25357K [0x00000000c0000000, 0x0000000100000000)
  region size 1024K, 1 young (1024K), 0 survivors (0K)
 Metaspace       used 41153K, committed 41728K, reserved 1114112K
  class space    used 5263K, committed 5504K, reserved 1048576K
}
Event: 1443.402 GC heap after
{Heap after GC invocations=122 (full 113):
 garbage-first heap   total 75776K, used 25357K [0x00000000c0000000, 0x0000000100000000)
  region size 1024K, 0 young (0K), 0 survivors (0K)
 Metaspace       used 41153K, committed 41728K, reserved 1114112K
  class space    used 5263K, committed 5504K, reserved 1048576K
}
Event: 1455.435 GC heap before
{Heap before GC invocations=122 (full 113):
 garbage-first heap   total 75776K, used 25357K [0x00000000c0000000, 0x0000000100000000)
  region size 1024K, 1 young (1024K), 0 survivors (0K)
 Metaspace       used 41153K, committed 41728K, reserved 1114112K
  class space    used 5263K, committed 5504K, reserved 1048576K
}
Event: 1455.460 GC heap after
{Heap after GC invocations=123 (full 114):
 garbage-first heap   total 75776K, used 25357K [0x00000000c0000000, 0x0000000100000000)
  region size 1024K, 0 young (0K), 0 survivors (0K)
 Metaspace       used 41153K, committed 41728K, reserved 1114112K
  class space    used 5263K, committed 5504K, reserved 1048576K
}
Event: 1466.949 GC heap before
{Heap before GC invocations=123 (full 114):
 garbage-first heap   total 75776K, used 25357K [0x00000000c0000000, 0x0000000100000000)
  region size 1024K, 1 young (1024K), 0 survivors (0K)
 Metaspace       used 41153K, committed 41728K, reserved 1114112K
  class space    used 5263K, committed 5504K, reserved 1048576K
}
Event: 1466.979 GC heap after
{Heap after GC invocations=124 (full 115):
 garbage-first heap   total 75776K, used 25357K [0x00000000c0000000, 0x0000000100000000)
  region size 1024K, 0 young (0K), 0 survivors (0K)
 Metaspace       used 41153K, committed 41728K, reserved 1114112K
  class space    used 5263K, committed 5504K, reserved 1048576K
}
Event: 1478.438 GC heap before
{Heap before GC invocations=124 (full 115):
 garbage-first heap   total 75776K, used 25357K [0x00000000c0000000, 0x0000000100000000)
  region size 1024K, 1 young (1024K), 0 survivors (0K)
 Metaspace       used 41153K, committed 41728K, reserved 1114112K
  class space    used 5263K, committed 5504K, reserved 1048576K
}
Event: 1478.464 GC heap after
{Heap after GC invocations=125 (full 116):
 garbage-first heap   total 75776K, used 25357K [0x00000000c0000000, 0x0000000100000000)
  region size 1024K, 0 young (0K), 0 survivors (0K)
 Metaspace       used 41153K, committed 41728K, reserved 1114112K
  class space    used 5263K, committed 5504K, reserved 1048576K
}
Event: 1489.950 GC heap before
{Heap before GC invocations=125 (full 116):
 garbage-first heap   total 75776K, used 25357K [0x00000000c0000000, 0x0000000100000000)
  region size 1024K, 1 young (1024K), 0 survivors (0K)
 Metaspace       used 41153K, committed 41728K, reserved 1114112K
  class space    used 5263K, committed 5504K, reserved 1048576K
}
Event: 1489.973 GC heap after
{Heap after GC invocations=126 (full 117):
 garbage-first heap   total 75776K, used 25357K [0x00000000c0000000, 0x0000000100000000)
  region size 1024K, 0 young (0K), 0 survivors (0K)
 Metaspace       used 41153K, committed 41728K, reserved 1114112K
  class space    used 5263K, committed 5504K, reserved 1048576K
}
Event: 1501.343 GC heap before
{Heap before GC invocations=126 (full 117):
 garbage-first heap   total 75776K, used 25357K [0x00000000c0000000, 0x0000000100000000)
  region size 1024K, 1 young (1024K), 0 survivors (0K)
 Metaspace       used 41153K, committed 41728K, reserved 1114112K
  class space    used 5263K, committed 5504K, reserved 1048576K
}
Event: 1501.366 GC heap after
{Heap after GC invocations=127 (full 118):
 garbage-first heap   total 75776K, used 25357K [0x00000000c0000000, 0x0000000100000000)
  region size 1024K, 0 young (0K), 0 survivors (0K)
 Metaspace       used 41153K, committed 41728K, reserved 1114112K
  class space    used 5263K, committed 5504K, reserved 1048576K
}
Event: 1513.145 GC heap before
{Heap before GC invocations=127 (full 118):
 garbage-first heap   total 75776K, used 25357K [0x00000000c0000000, 0x0000000100000000)
  region size 1024K, 1 young (1024K), 0 survivors (0K)
 Metaspace       used 41153K, committed 41728K, reserved 1114112K
  class space    used 5263K, committed 5504K, reserved 1048576K
}
Event: 1513.180 GC heap after
{Heap after GC invocations=128 (full 119):
 garbage-first heap   total 75776K, used 25357K [0x00000000c0000000, 0x0000000100000000)
  region size 1024K, 0 young (0K), 0 survivors (0K)
 Metaspace       used 41153K, committed 41728K, reserved 1114112K
  class space    used 5263K, committed 5504K, reserved 1048576K
}
Event: 1525.035 GC heap before
{Heap before GC invocations=128 (full 119):
 garbage-first heap   total 75776K, used 25357K [0x00000000c0000000, 0x0000000100000000)
  region size 1024K, 1 young (1024K), 0 survivors (0K)
 Metaspace       used 41153K, committed 41728K, reserved 1114112K
  class space    used 5263K, committed 5504K, reserved 1048576K
}

